2025-01-11 09:11:35,451 INFO: Scheduler started [in C:\Users\james\AppData\Local\Programs\Python\Python313\Lib\site-packages\apscheduler\schedulers\base.py:214]
2025-01-11 09:11:35,453 INFO: Added job "check_alerts" to job store "default" [in C:\Users\james\AppData\Local\Programs\Python\Python313\Lib\site-packages\apscheduler\schedulers\base.py:1090]
2025-01-11 09:11:35,485 INFO: [31m[1mWARNING: This is a development server. Do not use it in a production deployment. Use a production WSGI server instead.[0m
 * Running on http://127.0.0.1:5000 [in C:\Users\james\AppData\Local\Programs\Python\Python313\Lib\site-packages\werkzeug\_internal.py:97]
2025-01-11 09:11:35,485 INFO: [33mPress CTRL+C to quit[0m [in C:\Users\james\AppData\Local\Programs\Python\Python313\Lib\site-packages\werkzeug\_internal.py:97]
2025-01-11 09:11:35,487 INFO:  * Restarting with stat [in C:\Users\james\AppData\Local\Programs\Python\Python313\Lib\site-packages\werkzeug\_internal.py:97]
2025-01-11 09:11:37,462 INFO: Scheduler started [in C:\Users\james\AppData\Local\Programs\Python\Python313\Lib\site-packages\apscheduler\schedulers\base.py:214]
2025-01-11 09:11:37,464 INFO: Added job "check_alerts" to job store "default" [in C:\Users\james\AppData\Local\Programs\Python\Python313\Lib\site-packages\apscheduler\schedulers\base.py:1090]
2025-01-11 09:11:37,476 WARNING:  * Debugger is active! [in C:\Users\james\AppData\Local\Programs\Python\Python313\Lib\site-packages\werkzeug\_internal.py:97]
2025-01-11 09:11:37,484 INFO:  * Debugger PIN: 106-539-006 [in C:\Users\james\AppData\Local\Programs\Python\Python313\Lib\site-packages\werkzeug\_internal.py:97]
2025-01-11 09:12:17,085 INFO: 127.0.0.1 - - [11/Jan/2025 09:12:17] "OPTIONS /Login HTTP/1.1" 200 - [in C:\Users\james\AppData\Local\Programs\Python\Python313\Lib\site-packages\werkzeug\_internal.py:97]
2025-01-11 09:12:17,466 INFO: 127.0.0.1 - - [11/Jan/2025 09:12:17] "POST /Login HTTP/1.1" 200 - [in C:\Users\james\AppData\Local\Programs\Python\Python313\Lib\site-packages\werkzeug\_internal.py:97]
2025-01-11 09:12:17,475 INFO: 127.0.0.1 - - [11/Jan/2025 09:12:17] "OPTIONS /alerts HTTP/1.1" 200 - [in C:\Users\james\AppData\Local\Programs\Python\Python313\Lib\site-packages\werkzeug\_internal.py:97]
2025-01-11 09:12:17,780 INFO: 127.0.0.1 - - [11/Jan/2025 09:12:17] "[31m[1mGET /alerts HTTP/1.1[0m" 422 - [in C:\Users\james\AppData\Local\Programs\Python\Python313\Lib\site-packages\werkzeug\_internal.py:97]
2025-01-11 09:12:35,466 INFO: Running job "check_alerts (trigger: interval[0:01:00], next run at: 2025-01-11 09:12:35 GMT)" (scheduled at 2025-01-11 09:12:35.453039+00:00) [in C:\Users\james\AppData\Local\Programs\Python\Python313\Lib\site-packages\apscheduler\executors\base.py:129]
2025-01-11 09:12:35,466 INFO: Scheduler running: checking alerts.. [in D:\Visual Studio Folder\My Stock Alert project\stock-alert\backend\app.py:346]
2025-01-11 09:12:35,477 INFO: Finished Checking alerts [in D:\Visual Studio Folder\My Stock Alert project\stock-alert\backend\app.py:410]
2025-01-11 09:12:35,477 INFO: Job "check_alerts (trigger: interval[0:01:00], next run at: 2025-01-11 09:13:35 GMT)" executed successfully [in C:\Users\james\AppData\Local\Programs\Python\Python313\Lib\site-packages\apscheduler\executors\base.py:156]
2025-01-11 09:12:37,474 INFO: Running job "check_alerts (trigger: interval[0:01:00], next run at: 2025-01-11 09:12:37 GMT)" (scheduled at 2025-01-11 09:12:37.463891+00:00) [in C:\Users\james\AppData\Local\Programs\Python\Python313\Lib\site-packages\apscheduler\executors\base.py:129]
2025-01-11 09:12:37,474 INFO: Scheduler running: checking alerts.. [in D:\Visual Studio Folder\My Stock Alert project\stock-alert\backend\app.py:346]
2025-01-11 09:12:37,476 INFO: Finished Checking alerts [in D:\Visual Studio Folder\My Stock Alert project\stock-alert\backend\app.py:410]
2025-01-11 09:12:37,476 INFO: Job "check_alerts (trigger: interval[0:01:00], next run at: 2025-01-11 09:13:37 GMT)" executed successfully [in C:\Users\james\AppData\Local\Programs\Python\Python313\Lib\site-packages\apscheduler\executors\base.py:156]
2025-01-11 09:12:45,868 INFO: 127.0.0.1 - - [11/Jan/2025 09:12:45] "OPTIONS /history?search=&sort=desc HTTP/1.1" 200 - [in C:\Users\james\AppData\Local\Programs\Python\Python313\Lib\site-packages\werkzeug\_internal.py:97]
2025-01-11 09:12:46,176 INFO: 127.0.0.1 - - [11/Jan/2025 09:12:46] "[31m[1mGET /history?search=&sort=desc HTTP/1.1[0m" 422 - [in C:\Users\james\AppData\Local\Programs\Python\Python313\Lib\site-packages\werkzeug\_internal.py:97]
2025-01-11 09:12:51,782 INFO: 127.0.0.1 - - [11/Jan/2025 09:12:51] "OPTIONS /alerts HTTP/1.1" 200 - [in C:\Users\james\AppData\Local\Programs\Python\Python313\Lib\site-packages\werkzeug\_internal.py:97]
2025-01-11 09:12:52,091 INFO: 127.0.0.1 - - [11/Jan/2025 09:12:52] "[31m[1mGET /alerts HTTP/1.1[0m" 422 - [in C:\Users\james\AppData\Local\Programs\Python\Python313\Lib\site-packages\werkzeug\_internal.py:97]
2025-01-11 09:13:35,463 INFO: Running job "check_alerts (trigger: interval[0:01:00], next run at: 2025-01-11 09:14:35 GMT)" (scheduled at 2025-01-11 09:13:35.453039+00:00) [in C:\Users\james\AppData\Local\Programs\Python\Python313\Lib\site-packages\apscheduler\executors\base.py:129]
2025-01-11 09:13:35,463 INFO: Scheduler running: checking alerts.. [in D:\Visual Studio Folder\My Stock Alert project\stock-alert\backend\app.py:346]
2025-01-11 09:13:35,464 INFO: Finished Checking alerts [in D:\Visual Studio Folder\My Stock Alert project\stock-alert\backend\app.py:410]
2025-01-11 09:13:35,464 INFO: Job "check_alerts (trigger: interval[0:01:00], next run at: 2025-01-11 09:14:35 GMT)" executed successfully [in C:\Users\james\AppData\Local\Programs\Python\Python313\Lib\site-packages\apscheduler\executors\base.py:156]
2025-01-11 09:13:37,467 INFO: Running job "check_alerts (trigger: interval[0:01:00], next run at: 2025-01-11 09:14:37 GMT)" (scheduled at 2025-01-11 09:13:37.463891+00:00) [in C:\Users\james\AppData\Local\Programs\Python\Python313\Lib\site-packages\apscheduler\executors\base.py:129]
2025-01-11 09:13:37,467 INFO: Scheduler running: checking alerts.. [in D:\Visual Studio Folder\My Stock Alert project\stock-alert\backend\app.py:346]
2025-01-11 09:13:37,468 INFO: Finished Checking alerts [in D:\Visual Studio Folder\My Stock Alert project\stock-alert\backend\app.py:410]
2025-01-11 09:13:37,468 INFO: Job "check_alerts (trigger: interval[0:01:00], next run at: 2025-01-11 09:14:37 GMT)" executed successfully [in C:\Users\james\AppData\Local\Programs\Python\Python313\Lib\site-packages\apscheduler\executors\base.py:156]
2025-01-11 09:14:35,457 INFO: Running job "check_alerts (trigger: interval[0:01:00], next run at: 2025-01-11 09:15:35 GMT)" (scheduled at 2025-01-11 09:14:35.453039+00:00) [in C:\Users\james\AppData\Local\Programs\Python\Python313\Lib\site-packages\apscheduler\executors\base.py:129]
2025-01-11 09:14:35,457 INFO: Scheduler running: checking alerts.. [in D:\Visual Studio Folder\My Stock Alert project\stock-alert\backend\app.py:346]
2025-01-11 09:14:35,458 INFO: Finished Checking alerts [in D:\Visual Studio Folder\My Stock Alert project\stock-alert\backend\app.py:410]
2025-01-11 09:14:35,458 INFO: Job "check_alerts (trigger: interval[0:01:00], next run at: 2025-01-11 09:15:35 GMT)" executed successfully [in C:\Users\james\AppData\Local\Programs\Python\Python313\Lib\site-packages\apscheduler\executors\base.py:156]
2025-01-11 09:14:37,470 INFO: Running job "check_alerts (trigger: interval[0:01:00], next run at: 2025-01-11 09:15:37 GMT)" (scheduled at 2025-01-11 09:14:37.463891+00:00) [in C:\Users\james\AppData\Local\Programs\Python\Python313\Lib\site-packages\apscheduler\executors\base.py:129]
2025-01-11 09:14:37,470 INFO: Scheduler running: checking alerts.. [in D:\Visual Studio Folder\My Stock Alert project\stock-alert\backend\app.py:346]
2025-01-11 09:14:37,471 INFO: Finished Checking alerts [in D:\Visual Studio Folder\My Stock Alert project\stock-alert\backend\app.py:410]
2025-01-11 09:14:37,471 INFO: Job "check_alerts (trigger: interval[0:01:00], next run at: 2025-01-11 09:15:37 GMT)" executed successfully [in C:\Users\james\AppData\Local\Programs\Python\Python313\Lib\site-packages\apscheduler\executors\base.py:156]
2025-01-11 09:15:20,261 INFO: 127.0.0.1 - - [11/Jan/2025 09:15:20] "OPTIONS /Login HTTP/1.1" 200 - [in C:\Users\james\AppData\Local\Programs\Python\Python313\Lib\site-packages\werkzeug\_internal.py:97]
2025-01-11 09:15:20,643 INFO: 127.0.0.1 - - [11/Jan/2025 09:15:20] "POST /Login HTTP/1.1" 200 - [in C:\Users\james\AppData\Local\Programs\Python\Python313\Lib\site-packages\werkzeug\_internal.py:97]
2025-01-11 09:15:20,653 INFO: 127.0.0.1 - - [11/Jan/2025 09:15:20] "OPTIONS /alerts HTTP/1.1" 200 - [in C:\Users\james\AppData\Local\Programs\Python\Python313\Lib\site-packages\werkzeug\_internal.py:97]
2025-01-11 09:15:20,958 INFO: 127.0.0.1 - - [11/Jan/2025 09:15:20] "[31m[1mGET /alerts HTTP/1.1[0m" 422 - [in C:\Users\james\AppData\Local\Programs\Python\Python313\Lib\site-packages\werkzeug\_internal.py:97]
2025-01-11 09:15:35,465 INFO: Running job "check_alerts (trigger: interval[0:01:00], next run at: 2025-01-11 09:16:35 GMT)" (scheduled at 2025-01-11 09:15:35.453039+00:00) [in C:\Users\james\AppData\Local\Programs\Python\Python313\Lib\site-packages\apscheduler\executors\base.py:129]
2025-01-11 09:15:35,465 INFO: Scheduler running: checking alerts.. [in D:\Visual Studio Folder\My Stock Alert project\stock-alert\backend\app.py:346]
2025-01-11 09:15:35,466 INFO: Finished Checking alerts [in D:\Visual Studio Folder\My Stock Alert project\stock-alert\backend\app.py:410]
2025-01-11 09:15:35,466 INFO: Job "check_alerts (trigger: interval[0:01:00], next run at: 2025-01-11 09:16:35 GMT)" executed successfully [in C:\Users\james\AppData\Local\Programs\Python\Python313\Lib\site-packages\apscheduler\executors\base.py:156]
2025-01-11 09:15:37,475 INFO: Running job "check_alerts (trigger: interval[0:01:00], next run at: 2025-01-11 09:16:37 GMT)" (scheduled at 2025-01-11 09:15:37.463891+00:00) [in C:\Users\james\AppData\Local\Programs\Python\Python313\Lib\site-packages\apscheduler\executors\base.py:129]
2025-01-11 09:15:37,476 INFO: Scheduler running: checking alerts.. [in D:\Visual Studio Folder\My Stock Alert project\stock-alert\backend\app.py:346]
2025-01-11 09:15:37,476 INFO: Finished Checking alerts [in D:\Visual Studio Folder\My Stock Alert project\stock-alert\backend\app.py:410]
2025-01-11 09:15:37,477 INFO: Job "check_alerts (trigger: interval[0:01:00], next run at: 2025-01-11 09:16:37 GMT)" executed successfully [in C:\Users\james\AppData\Local\Programs\Python\Python313\Lib\site-packages\apscheduler\executors\base.py:156]
2025-01-11 09:16:35,464 INFO: Running job "check_alerts (trigger: interval[0:01:00], next run at: 2025-01-11 09:17:35 GMT)" (scheduled at 2025-01-11 09:16:35.453039+00:00) [in C:\Users\james\AppData\Local\Programs\Python\Python313\Lib\site-packages\apscheduler\executors\base.py:129]
2025-01-11 09:16:35,464 INFO: Scheduler running: checking alerts.. [in D:\Visual Studio Folder\My Stock Alert project\stock-alert\backend\app.py:346]
2025-01-11 09:16:35,464 INFO: Finished Checking alerts [in D:\Visual Studio Folder\My Stock Alert project\stock-alert\backend\app.py:410]
2025-01-11 09:16:35,465 INFO: Job "check_alerts (trigger: interval[0:01:00], next run at: 2025-01-11 09:17:35 GMT)" executed successfully [in C:\Users\james\AppData\Local\Programs\Python\Python313\Lib\site-packages\apscheduler\executors\base.py:156]
2025-01-11 09:16:37,471 INFO: Running job "check_alerts (trigger: interval[0:01:00], next run at: 2025-01-11 09:17:37 GMT)" (scheduled at 2025-01-11 09:16:37.463891+00:00) [in C:\Users\james\AppData\Local\Programs\Python\Python313\Lib\site-packages\apscheduler\executors\base.py:129]
2025-01-11 09:16:37,471 INFO: Scheduler running: checking alerts.. [in D:\Visual Studio Folder\My Stock Alert project\stock-alert\backend\app.py:346]
2025-01-11 09:16:37,472 INFO: Finished Checking alerts [in D:\Visual Studio Folder\My Stock Alert project\stock-alert\backend\app.py:410]
2025-01-11 09:16:37,472 INFO: Job "check_alerts (trigger: interval[0:01:00], next run at: 2025-01-11 09:17:37 GMT)" executed successfully [in C:\Users\james\AppData\Local\Programs\Python\Python313\Lib\site-packages\apscheduler\executors\base.py:156]
2025-01-11 09:17:35,463 INFO: Running job "check_alerts (trigger: interval[0:01:00], next run at: 2025-01-11 09:18:35 GMT)" (scheduled at 2025-01-11 09:17:35.453039+00:00) [in C:\Users\james\AppData\Local\Programs\Python\Python313\Lib\site-packages\apscheduler\executors\base.py:129]
2025-01-11 09:17:35,464 INFO: Scheduler running: checking alerts.. [in D:\Visual Studio Folder\My Stock Alert project\stock-alert\backend\app.py:346]
2025-01-11 09:17:35,464 INFO: Finished Checking alerts [in D:\Visual Studio Folder\My Stock Alert project\stock-alert\backend\app.py:410]
2025-01-11 09:17:35,464 INFO: Job "check_alerts (trigger: interval[0:01:00], next run at: 2025-01-11 09:18:35 GMT)" executed successfully [in C:\Users\james\AppData\Local\Programs\Python\Python313\Lib\site-packages\apscheduler\executors\base.py:156]
2025-01-11 09:17:37,465 INFO: Running job "check_alerts (trigger: interval[0:01:00], next run at: 2025-01-11 09:18:37 GMT)" (scheduled at 2025-01-11 09:17:37.463891+00:00) [in C:\Users\james\AppData\Local\Programs\Python\Python313\Lib\site-packages\apscheduler\executors\base.py:129]
2025-01-11 09:17:37,465 INFO: Scheduler running: checking alerts.. [in D:\Visual Studio Folder\My Stock Alert project\stock-alert\backend\app.py:346]
2025-01-11 09:17:37,465 INFO: Finished Checking alerts [in D:\Visual Studio Folder\My Stock Alert project\stock-alert\backend\app.py:410]
2025-01-11 09:17:37,466 INFO: Job "check_alerts (trigger: interval[0:01:00], next run at: 2025-01-11 09:18:37 GMT)" executed successfully [in C:\Users\james\AppData\Local\Programs\Python\Python313\Lib\site-packages\apscheduler\executors\base.py:156]
2025-01-11 09:18:31,976 INFO:  * Detected change in 'D:\\Visual Studio Folder\\My Stock Alert project\\stock-alert\\backend\\app.py', reloading [in C:\Users\james\AppData\Local\Programs\Python\Python313\Lib\site-packages\werkzeug\_internal.py:97]
2025-01-11 09:18:32,105 INFO:  * Restarting with stat [in C:\Users\james\AppData\Local\Programs\Python\Python313\Lib\site-packages\werkzeug\_internal.py:97]
